<?xml version="1.0"?>
<testsuite name="Chrome 61.0.3163 (Windows 10 0.0.0)" package="" timestamp="2017-10-27T04:45:00" id="0" hostname="DESKTOP-KPAPBV3" tests="23" errors="0" failures="0" time="3.292">
  <properties>
    <property name="browser.fullName" value="Mozilla/5.0 (Windows NT 10.0; Win64; x64) AppleWebKit/537.36 (KHTML, like Gecko) Chrome/61.0.3163.91 Safari/537.36"/>
  </properties>
  <testcase name="AppComponent true should be true" time="0.908" classname="Chrome_61_0_3163_(Windows_10_0_0_0).AppComponent"/>
  <testcase name="ArticleComponent should create" time="0.078" classname="Chrome_61_0_3163_(Windows_10_0_0_0).ArticleComponent"/>
  <testcase name="ArticleComponent should render articles" time="0.044" classname="Chrome_61_0_3163_(Windows_10_0_0_0).ArticleComponent"/>
  <testcase name="Validate Article actions  ArticlesService should be created" time="0.032" classname="Chrome_61_0_3163_(Windows_10_0_0_0).Validate Article actions "/>
  <testcase name="Validate Article actions  should fetch articles (mocked request)" time="0.034" classname="Chrome_61_0_3163_(Windows_10_0_0_0).Validate Article actions "/>
  <testcase name="Validate Article actions  should filter displayed articles by the search keyword" time="0.012" classname="Chrome_61_0_3163_(Windows_10_0_0_0).Validate Article actions "/>
  <testcase name="Validate Article actions  should update the search keyword" time="0.012" classname="Chrome_61_0_3163_(Windows_10_0_0_0).Validate Article actions "/>
  <testcase name="AuthComponent should create" time="0.675" classname="Chrome_61_0_3163_(Windows_10_0_0_0).AuthComponent"/>
  <testcase name="RegisterService should be created" time="0.022" classname="Chrome_61_0_3163_(Windows_10_0_0_0).RegisterService"/>
  <testcase name="Validate Authentication  LoginService should be created" time="0.016" classname="Chrome_61_0_3163_(Windows_10_0_0_0).Validate Authentication "/>
  <testcase name="Validate Authentication  should log in a user" time="0.022" classname="Chrome_61_0_3163_(Windows_10_0_0_0).Validate Authentication "/>
  <testcase name="Validate Authentication  should not log in an invalid user" time="0.022" classname="Chrome_61_0_3163_(Windows_10_0_0_0).Validate Authentication "/>
  <testcase name="Validate Authentication  should log out a user (state should be cleared)" time="0.016" classname="Chrome_61_0_3163_(Windows_10_0_0_0).Validate Authentication "/>
  <testcase name="MainComponent should create" time="0.235" classname="Chrome_61_0_3163_(Windows_10_0_0_0).MainComponent"/>
  <testcase name="MainComponent should update headline" time="0.217" classname="Chrome_61_0_3163_(Windows_10_0_0_0).MainComponent"/>
  <testcase name="MainComponent should dispatch actions to create a new article" time="0.228" classname="Chrome_61_0_3163_(Windows_10_0_0_0).MainComponent"/>
  <testcase name="Validate actions  resource should be a resource (i.e., mock a request)" time="0.008" classname="Chrome_61_0_3163_(Windows_10_0_0_0).Validate actions "/>
  <testcase name="Validate actions  resource should give me the http error" time="0.004" classname="Chrome_61_0_3163_(Windows_10_0_0_0).Validate actions "/>
  <testcase name="Validate actions  resource should be POSTable" time="0.003" classname="Chrome_61_0_3163_(Windows_10_0_0_0).Validate actions "/>
  <testcase name="Validate actions  should update error message" time="0.003" classname="Chrome_61_0_3163_(Windows_10_0_0_0).Validate actions "/>
  <testcase name="Validate actions  should update success message" time="0.004" classname="Chrome_61_0_3163_(Windows_10_0_0_0).Validate actions "/>
  <testcase name="ProfileComponent should create" time="0.354" classname="Chrome_61_0_3163_(Windows_10_0_0_0).ProfileComponent"/>
  <testcase name="ProfileComponent should fetch the users profile information" time="0.343" classname="Chrome_61_0_3163_(Windows_10_0_0_0).ProfileComponent"/>
  <system-out>
    <![CDATA[Chrome 61.0.3163 (Windows 10 0.0.0) WARN: 'Could not find Angular Material core theme. Most Material components may not work as expected. For more info refer to the theming guide: https://material.angular.io/guide/theming'
,Chrome 61.0.3163 (Windows 10 0.0.0) WARN: 'Could not find Angular Material core theme. Most Material components may not work as expected. For more info refer to the theming guide: https://material.angular.io/guide/theming'
,Chrome 61.0.3163 (Windows 10 0.0.0) WARN: 'Could not find Angular Material core theme. Most Material components may not work as expected. For more info refer to the theming guide: https://material.angular.io/guide/theming'
,Chrome 61.0.3163 (Windows 10 0.0.0) WARN: 'Could not find Angular Material core theme. Most Material components may not work as expected. For more info refer to the theming guide: https://material.angular.io/guide/theming'
,Chrome 61.0.3163 (Windows 10 0.0.0) WARN: 'Could not find Angular Material core theme. Most Material components may not work as expected. For more info refer to the theming guide: https://material.angular.io/guide/theming'
,Chrome 61.0.3163 (Windows 10 0.0.0) WARN: 'Could not find Angular Material core theme. Most Material components may not work as expected. For more info refer to the theming guide: https://material.angular.io/guide/theming'
,Chrome 61.0.3163 (Windows 10 0.0.0) WARN: 'Could not find Angular Material core theme. Most Material components may not work as expected. For more info refer to the theming guide: https://material.angular.io/guide/theming'

]]>
  </system-out>
  <system-err/>
</testsuite>